<?xml version="1.0" encoding="UTF-8"?>
<testsuite name="com.lex.books.BooksApplicationTests" tests="1" skipped="0" failures="0" errors="0" timestamp="2025-03-02T22:13:26" hostname="fedora" time="0.771">
  <properties/>
  <testcase name="contextLoads()" classname="com.lex.books.BooksApplicationTests" time="0.771"/>
  <system-out><![CDATA[23:13:19.959 [Test worker] INFO org.springframework.test.context.support.AnnotationConfigContextLoaderUtils -- Could not detect default configuration classes for test class [com.lex.books.BooksApplicationTests]: BooksApplicationTests does not declare any static, non-private, non-final, nested classes annotated with @Configuration.
23:13:20.136 [Test worker] INFO org.springframework.boot.test.context.SpringBootTestContextBootstrapper -- Found @SpringBootConfiguration com.lex.books.BooksApplication for test class com.lex.books.BooksApplicationTests

  .   ____          _            __ _ _
 /\\ / ___'_ __ _ _(_)_ __  __ _ \ \ \ \
( ( )\___ | '_ | '_| | '_ \/ _` | \ \ \ \
 \\/  ___)| |_)| | | | | || (_| |  ) ) ) )
  '  |____| .__|_| |_|_| |_\__, | / / / /
 =========|_|==============|___/=/_/_/_/

 :: Spring Boot ::                (v3.4.3)

2025-03-02T23:13:20.866+01:00  INFO 32000 --- [books] [    Test worker] com.lex.books.BooksApplicationTests      : Starting BooksApplicationTests using Java 21.0.5 with PID 32000 (started by alex in /home/alex/Workspace/books)
2025-03-02T23:13:20.869+01:00  INFO 32000 --- [books] [    Test worker] com.lex.books.BooksApplicationTests      : No active profile set, falling back to 1 default profile: "default"
2025-03-02T23:13:21.907+01:00  INFO 32000 --- [books] [    Test worker] .s.d.r.c.RepositoryConfigurationDelegate : Bootstrapping Spring Data JPA repositories in DEFAULT mode.
2025-03-02T23:13:22.016+01:00  INFO 32000 --- [books] [    Test worker] .s.d.r.c.RepositoryConfigurationDelegate : Finished Spring Data repository scanning in 92 ms. Found 1 JPA repository interface.
2025-03-02T23:13:22.675+01:00  INFO 32000 --- [books] [    Test worker] com.zaxxer.hikari.HikariDataSource       : HikariPool-1 - Starting...
2025-03-02T23:13:22.978+01:00  INFO 32000 --- [books] [    Test worker] com.zaxxer.hikari.pool.HikariPool        : HikariPool-1 - Added connection conn0: url=jdbc:h2:mem:a97bef85-ee7c-4643-a560-e62a03e81b84 user=SA
2025-03-02T23:13:22.981+01:00  INFO 32000 --- [books] [    Test worker] com.zaxxer.hikari.HikariDataSource       : HikariPool-1 - Start completed.
2025-03-02T23:13:23.106+01:00  INFO 32000 --- [books] [    Test worker] o.hibernate.jpa.internal.util.LogHelper  : HHH000204: Processing PersistenceUnitInfo [name: default]
2025-03-02T23:13:23.189+01:00  INFO 32000 --- [books] [    Test worker] org.hibernate.Version                    : HHH000412: Hibernate ORM core version 6.6.8.Final
2025-03-02T23:13:23.249+01:00  INFO 32000 --- [books] [    Test worker] o.h.c.internal.RegionFactoryInitiator    : HHH000026: Second-level cache disabled
2025-03-02T23:13:23.722+01:00  INFO 32000 --- [books] [    Test worker] o.s.o.j.p.SpringPersistenceUnitInfo      : No LoadTimeWeaver setup: ignoring JPA class transformer
2025-03-02T23:13:23.858+01:00  INFO 32000 --- [books] [    Test worker] org.hibernate.orm.connections.pooling    : HHH10001005: Database info:
	Database JDBC URL [Connecting through datasource 'HikariDataSource (HikariPool-1)']
	Database driver: undefined/unknown
	Database version: 2.3.232
	Autocommit mode: undefined/unknown
	Isolation level: undefined/unknown
	Minimum pool size: undefined/unknown
	Maximum pool size: undefined/unknown
2025-03-02T23:13:25.086+01:00  INFO 32000 --- [books] [    Test worker] o.h.e.t.j.p.i.JtaPlatformInitiator       : HHH000489: No JTA platform available (set 'hibernate.transaction.jta.platform' to enable JTA platform integration)
2025-03-02T23:13:25.139+01:00  INFO 32000 --- [books] [    Test worker] j.LocalContainerEntityManagerFactoryBean : Initialized JPA EntityManagerFactory for persistence unit 'default'
2025-03-02T23:13:25.715+01:00  WARN 32000 --- [books] [    Test worker] JpaBaseConfiguration$JpaWebConfiguration : spring.jpa.open-in-view is enabled by default. Therefore, database queries may be performed during view rendering. Explicitly configure spring.jpa.open-in-view to disable this warning
2025-03-02T23:13:26.223+01:00  INFO 32000 --- [books] [    Test worker] o.s.b.a.h2.H2ConsoleAutoConfiguration    : H2 console available at '/h2-console'. Database available at 'jdbc:h2:mem:a97bef85-ee7c-4643-a560-e62a03e81b84'
2025-03-02T23:13:26.338+01:00  INFO 32000 --- [books] [    Test worker] com.lex.books.BooksApplicationTests      : Started BooksApplicationTests in 5.948 seconds (process running for 7.931)
]]></system-out>
  <system-err><![CDATA[Mockito is currently self-attaching to enable the inline-mock-maker. This will no longer work in future releases of the JDK. Please add Mockito as an agent to your build what is described in Mockito's documentation: https://javadoc.io/doc/org.mockito/mockito-core/latest/org/mockito/Mockito.html#0.3
WARNING: A Java agent has been loaded dynamically (/home/alex/.gradle/caches/modules-2/files-2.1/net.bytebuddy/byte-buddy-agent/1.15.11/a38b16385e867f59a641330f0362ebe742788ed8/byte-buddy-agent-1.15.11.jar)
WARNING: If a serviceability tool is in use, please run with -XX:+EnableDynamicAgentLoading to hide this warning
WARNING: If a serviceability tool is not in use, please run with -Djdk.instrument.traceUsage for more information
WARNING: Dynamic loading of agents will be disallowed by default in a future release
]]></system-err>
</testsuite>
