<?xml version="1.0" encoding="UTF-8"?>
<testsuite name="com.lex.books.BooksApplicationTests" tests="1" skipped="0" failures="0" errors="0" timestamp="2025-02-27T21:54:31" hostname="fedora" time="0.864">
  <properties/>
  <testcase name="contextLoads()" classname="com.lex.books.BooksApplicationTests" time="0.864"/>
  <system-out><![CDATA[22:54:26.282 [Test worker] INFO org.springframework.test.context.support.AnnotationConfigContextLoaderUtils -- Could not detect default configuration classes for test class [com.lex.books.BooksApplicationTests]: BooksApplicationTests does not declare any static, non-private, non-final, nested classes annotated with @Configuration.
22:54:26.438 [Test worker] INFO org.springframework.boot.test.context.SpringBootTestContextBootstrapper -- Found @SpringBootConfiguration com.lex.books.BooksApplication for test class com.lex.books.BooksApplicationTests

  .   ____          _            __ _ _
 /\\ / ___'_ __ _ _(_)_ __  __ _ \ \ \ \
( ( )\___ | '_ | '_| | '_ \/ _` | \ \ \ \
 \\/  ___)| |_)| | | | | || (_| |  ) ) ) )
  '  |____| .__|_| |_|_| |_\__, | / / / /
 =========|_|==============|___/=/_/_/_/

 :: Spring Boot ::                (v3.4.3)

2025-02-27T22:54:27.062+01:00  INFO 31392 --- [books] [    Test worker] com.lex.books.BooksApplicationTests      : Starting BooksApplicationTests using Java 21.0.5 with PID 31392 (started by alex in /home/alex/Workspace/books)
2025-02-27T22:54:27.064+01:00  INFO 31392 --- [books] [    Test worker] com.lex.books.BooksApplicationTests      : No active profile set, falling back to 1 default profile: "default"
2025-02-27T22:54:28.027+01:00  INFO 31392 --- [books] [    Test worker] .s.d.r.c.RepositoryConfigurationDelegate : Bootstrapping Spring Data JPA repositories in DEFAULT mode.
2025-02-27T22:54:28.062+01:00  INFO 31392 --- [books] [    Test worker] .s.d.r.c.RepositoryConfigurationDelegate : Finished Spring Data repository scanning in 19 ms. Found 0 JPA repository interfaces.
2025-02-27T22:54:28.641+01:00  INFO 31392 --- [books] [    Test worker] com.zaxxer.hikari.HikariDataSource       : HikariPool-1 - Starting...
2025-02-27T22:54:28.890+01:00  INFO 31392 --- [books] [    Test worker] com.zaxxer.hikari.pool.HikariPool        : HikariPool-1 - Added connection conn0: url=jdbc:h2:mem:04f87905-2bfd-461e-b6aa-06168aa3c161 user=SA
2025-02-27T22:54:28.893+01:00  INFO 31392 --- [books] [    Test worker] com.zaxxer.hikari.HikariDataSource       : HikariPool-1 - Start completed.
2025-02-27T22:54:29.001+01:00  INFO 31392 --- [books] [    Test worker] o.hibernate.jpa.internal.util.LogHelper  : HHH000204: Processing PersistenceUnitInfo [name: default]
2025-02-27T22:54:29.099+01:00  INFO 31392 --- [books] [    Test worker] org.hibernate.Version                    : HHH000412: Hibernate ORM core version 6.6.8.Final
2025-02-27T22:54:29.156+01:00  INFO 31392 --- [books] [    Test worker] o.h.c.internal.RegionFactoryInitiator    : HHH000026: Second-level cache disabled
2025-02-27T22:54:29.557+01:00  INFO 31392 --- [books] [    Test worker] o.s.o.j.p.SpringPersistenceUnitInfo      : No LoadTimeWeaver setup: ignoring JPA class transformer
2025-02-27T22:54:29.676+01:00  INFO 31392 --- [books] [    Test worker] org.hibernate.orm.connections.pooling    : HHH10001005: Database info:
	Database JDBC URL [Connecting through datasource 'HikariDataSource (HikariPool-1)']
	Database driver: undefined/unknown
	Database version: 2.3.232
	Autocommit mode: undefined/unknown
	Isolation level: undefined/unknown
	Minimum pool size: undefined/unknown
	Maximum pool size: undefined/unknown
2025-02-27T22:54:30.133+01:00  INFO 31392 --- [books] [    Test worker] o.h.e.t.j.p.i.JtaPlatformInitiator       : HHH000489: No JTA platform available (set 'hibernate.transaction.jta.platform' to enable JTA platform integration)
2025-02-27T22:54:30.147+01:00  INFO 31392 --- [books] [    Test worker] j.LocalContainerEntityManagerFactoryBean : Initialized JPA EntityManagerFactory for persistence unit 'default'
2025-02-27T22:54:30.518+01:00  WARN 31392 --- [books] [    Test worker] JpaBaseConfiguration$JpaWebConfiguration : spring.jpa.open-in-view is enabled by default. Therefore, database queries may be performed during view rendering. Explicitly configure spring.jpa.open-in-view to disable this warning
2025-02-27T22:54:31.377+01:00  INFO 31392 --- [books] [    Test worker] com.lex.books.BooksApplicationTests      : Started BooksApplicationTests in 4.713 seconds (process running for 6.495)
]]></system-out>
  <system-err><![CDATA[Mockito is currently self-attaching to enable the inline-mock-maker. This will no longer work in future releases of the JDK. Please add Mockito as an agent to your build what is described in Mockito's documentation: https://javadoc.io/doc/org.mockito/mockito-core/latest/org/mockito/Mockito.html#0.3
WARNING: A Java agent has been loaded dynamically (/home/alex/.gradle/caches/modules-2/files-2.1/net.bytebuddy/byte-buddy-agent/1.15.11/a38b16385e867f59a641330f0362ebe742788ed8/byte-buddy-agent-1.15.11.jar)
WARNING: If a serviceability tool is in use, please run with -XX:+EnableDynamicAgentLoading to hide this warning
WARNING: If a serviceability tool is not in use, please run with -Djdk.instrument.traceUsage for more information
WARNING: Dynamic loading of agents will be disallowed by default in a future release
]]></system-err>
</testsuite>
