<?xml version="1.0" encoding="UTF-8"?>
<testsuite name="com.lex.books.controllers.BookControllerIntegrationTest" tests="8" skipped="0" failures="0" errors="0" timestamp="2025-03-02T22:13:28" hostname="fedora" time="1.411">
  <properties/>
  <testcase name="testThatRetrieveBookReturns404WhenBookNotFound()" classname="com.lex.books.controllers.BookControllerIntegrationTest" time="0.312"/>
  <testcase name="testThatListBooksReturnsHttp200EmptyListWhenNoBooksExist()" classname="com.lex.books.controllers.BookControllerIntegrationTest" time="0.189"/>
  <testcase name="testThatHttp204IsReturnedWhenExistingBookIsDeleted()" classname="com.lex.books.controllers.BookControllerIntegrationTest" time="0.106"/>
  <testcase name="testThatBookIsCreated()" classname="com.lex.books.controllers.BookControllerIntegrationTest" time="0.719"/>
  <testcase name="testThatListBooksReturnsHttp200AndBooksWhenBooksExists()" classname="com.lex.books.controllers.BookControllerIntegrationTest" time="0.018"/>
  <testcase name="testThatHttp204IsReturnedWhenBookDoesntExist()" classname="com.lex.books.controllers.BookControllerIntegrationTest" time="0.011"/>
  <testcase name="testThatRetrieveBookReturns200AndBookWhenExists()" classname="com.lex.books.controllers.BookControllerIntegrationTest" time="0.013"/>
  <testcase name="testThatBookIsUpdatedReturnsHttp201()" classname="com.lex.books.controllers.BookControllerIntegrationTest" time="0.03"/>
  <system-out><![CDATA[2025-03-02T23:13:27.147+01:00  INFO 32000 --- [books] [    Test worker] t.c.s.AnnotationConfigContextLoaderUtils : Could not detect default configuration classes for test class [com.lex.books.controllers.BookControllerIntegrationTest]: BookControllerIntegrationTest does not declare any static, non-private, non-final, nested classes annotated with @Configuration.
2025-03-02T23:13:27.171+01:00  INFO 32000 --- [books] [    Test worker] .b.t.c.SpringBootTestContextBootstrapper : Found @SpringBootConfiguration com.lex.books.BooksApplication for test class com.lex.books.controllers.BookControllerIntegrationTest

  .   ____          _            __ _ _
 /\\ / ___'_ __ _ _(_)_ __  __ _ \ \ \ \
( ( )\___ | '_ | '_| | '_ \/ _` | \ \ \ \
 \\/  ___)| |_)| | | | | || (_| |  ) ) ) )
  '  |____| .__|_| |_|_| |_\__, | / / / /
 =========|_|==============|___/=/_/_/_/

 :: Spring Boot ::                (v3.4.3)

2025-03-02T23:13:27.227+01:00  INFO 32000 --- [books] [    Test worker] c.l.b.c.BookControllerIntegrationTest    : Starting BookControllerIntegrationTest using Java 21.0.5 with PID 32000 (started by alex in /home/alex/Workspace/books)
2025-03-02T23:13:27.227+01:00  INFO 32000 --- [books] [    Test worker] c.l.b.c.BookControllerIntegrationTest    : No active profile set, falling back to 1 default profile: "default"
2025-03-02T23:13:27.491+01:00  INFO 32000 --- [books] [    Test worker] .s.d.r.c.RepositoryConfigurationDelegate : Bootstrapping Spring Data JPA repositories in DEFAULT mode.
2025-03-02T23:13:27.505+01:00  INFO 32000 --- [books] [    Test worker] .s.d.r.c.RepositoryConfigurationDelegate : Finished Spring Data repository scanning in 12 ms. Found 1 JPA repository interface.
2025-03-02T23:13:27.684+01:00  INFO 32000 --- [books] [    Test worker] com.zaxxer.hikari.HikariDataSource       : HikariPool-2 - Starting...
2025-03-02T23:13:27.689+01:00  INFO 32000 --- [books] [    Test worker] com.zaxxer.hikari.pool.HikariPool        : HikariPool-2 - Added connection conn10: url=jdbc:h2:mem:0cbcc2d2-074c-4054-b2fa-2f8f04a350b7 user=SA
2025-03-02T23:13:27.690+01:00  INFO 32000 --- [books] [    Test worker] com.zaxxer.hikari.HikariDataSource       : HikariPool-2 - Start completed.
2025-03-02T23:13:27.699+01:00  INFO 32000 --- [books] [    Test worker] o.hibernate.jpa.internal.util.LogHelper  : HHH000204: Processing PersistenceUnitInfo [name: default]
2025-03-02T23:13:27.703+01:00  INFO 32000 --- [books] [    Test worker] o.h.c.internal.RegionFactoryInitiator    : HHH000026: Second-level cache disabled
2025-03-02T23:13:27.719+01:00  INFO 32000 --- [books] [    Test worker] o.s.o.j.p.SpringPersistenceUnitInfo      : No LoadTimeWeaver setup: ignoring JPA class transformer
2025-03-02T23:13:27.722+01:00  INFO 32000 --- [books] [    Test worker] org.hibernate.orm.connections.pooling    : HHH10001005: Database info:
	Database JDBC URL [Connecting through datasource 'HikariDataSource (HikariPool-2)']
	Database driver: undefined/unknown
	Database version: 2.3.232
	Autocommit mode: undefined/unknown
	Isolation level: undefined/unknown
	Minimum pool size: undefined/unknown
	Maximum pool size: undefined/unknown
2025-03-02T23:13:27.781+01:00  INFO 32000 --- [books] [    Test worker] o.h.e.t.j.p.i.JtaPlatformInitiator       : HHH000489: No JTA platform available (set 'hibernate.transaction.jta.platform' to enable JTA platform integration)
2025-03-02T23:13:27.784+01:00  INFO 32000 --- [books] [    Test worker] j.LocalContainerEntityManagerFactoryBean : Initialized JPA EntityManagerFactory for persistence unit 'default'
2025-03-02T23:13:27.904+01:00  WARN 32000 --- [books] [    Test worker] JpaBaseConfiguration$JpaWebConfiguration : spring.jpa.open-in-view is enabled by default. Therefore, database queries may be performed during view rendering. Explicitly configure spring.jpa.open-in-view to disable this warning
2025-03-02T23:13:28.080+01:00  INFO 32000 --- [books] [    Test worker] o.s.b.a.h2.H2ConsoleAutoConfiguration    : H2 console available at '/h2-console'. Database available at 'jdbc:h2:mem:0cbcc2d2-074c-4054-b2fa-2f8f04a350b7'
2025-03-02T23:13:28.143+01:00  INFO 32000 --- [books] [    Test worker] o.s.b.t.m.w.SpringBootMockServletContext : Initializing Spring TestDispatcherServlet ''
2025-03-02T23:13:28.143+01:00  INFO 32000 --- [books] [    Test worker] o.s.t.web.servlet.TestDispatcherServlet  : Initializing Servlet ''
2025-03-02T23:13:28.146+01:00  INFO 32000 --- [books] [    Test worker] o.s.t.web.servlet.TestDispatcherServlet  : Completed initialization in 2 ms
2025-03-02T23:13:28.169+01:00  INFO 32000 --- [books] [    Test worker] c.l.b.c.BookControllerIntegrationTest    : Started BookControllerIntegrationTest in 0.992 seconds (process running for 9.762)
]]></system-out>
  <system-err><![CDATA[]]></system-err>
</testsuite>
