<?xml version="1.0" encoding="UTF-8"?>
<testsuite name="com.lex.books.services.impl.BookServiceImplTest" tests="8" skipped="0" failures="0" errors="0" timestamp="2025-03-02T22:13:29" hostname="fedora" time="0.57">
  <properties/>
  <testcase name="testIsBookExistsReturnsFalseWhenBookDoesntExists()" classname="com.lex.books.services.impl.BookServiceImplTest" time="0.508"/>
  <testcase name="testIsBookExistsReturnsTrueWhenBookDoesExists()" classname="com.lex.books.services.impl.BookServiceImplTest" time="0.008"/>
  <testcase name="testListBooksReturnsEmptyListWhenNoBooksExists()" classname="com.lex.books.services.impl.BookServiceImplTest" time="0.007"/>
  <testcase name="testDeleteBookDeleteBook()" classname="com.lex.books.services.impl.BookServiceImplTest" time="0.015"/>
  <testcase name="testThatFindByIdReturnsBookWhenExists()" classname="com.lex.books.services.impl.BookServiceImplTest" time="0.007"/>
  <testcase name="testThatBookIsSaved()" classname="com.lex.books.services.impl.BookServiceImplTest" time="0.006"/>
  <testcase name="testListBooksReturnsBooksWhenExists()" classname="com.lex.books.services.impl.BookServiceImplTest" time="0.005"/>
  <testcase name="testThatFindByIdReturnsEmptyWhenNoBook()" classname="com.lex.books.services.impl.BookServiceImplTest" time="0.005"/>
  <system-out><![CDATA[]]></system-out>
  <system-err><![CDATA[]]></system-err>
</testsuite>
